<?xml version="1.0" encoding="UTF-8"?>
<coverage generated="1682727447254" clover="3.2.0">
  <project timestamp="1682727447254" name="All files">
    <metrics statements="41" coveredstatements="31" conditionals="8" coveredconditionals="8" methods="5" coveredmethods="4" elements="54" coveredelements="43" complexity="0" loc="41" ncloc="41" packages="1" files="2" classes="2"/>
    <file name="AddingClassFunctionality.js" path="/Users/victoriachin/Projects/cornAppAddingFirebase/new corn app/ClientApp/src/components/AddingClassFunctionality.js">
      <metrics statements="5" coveredstatements="5" conditionals="0" coveredconditionals="0" methods="1" coveredmethods="1"/>
      <line num="2" count="1" type="stmt"/>
      <line num="3" count="1" type="stmt"/>
      <line num="5" count="1" type="stmt"/>
      <line num="7" count="4" type="stmt"/>
      <line num="10" count="1" type="stmt"/>
    </file>
    <file name="EndOfSessionFunctions.js" path="/Users/victoriachin/Projects/cornAppAddingFirebase/new corn app/ClientApp/src/components/EndOfSessionFunctions.js">
      <metrics statements="36" coveredstatements="26" conditionals="8" coveredconditionals="8" methods="4" coveredmethods="3"/>
      <line num="2" count="1" type="stmt"/>
      <line num="3" count="6" type="stmt"/>
      <line num="4" count="6" type="stmt"/>
      <line num="6" count="6" type="stmt"/>
      <line num="10" count="20" type="cond" truecount="2" falsecount="0"/>
      <line num="11" count="15" type="cond" truecount="2" falsecount="0"/>
      <line num="12" count="7" type="stmt"/>
      <line num="16" count="6" type="stmt"/>
      <line num="20" count="1" type="stmt"/>
      <line num="22" count="5" type="cond" truecount="4" falsecount="0"/>
      <line num="23" count="3" type="stmt"/>
      <line num="26" count="3" type="stmt"/>
      <line num="28" count="9" type="stmt"/>
      <line num="30" count="9" type="stmt"/>
      <line num="31" count="27" type="stmt"/>
      <line num="33" count="9" type="stmt"/>
      <line num="36" count="3" type="stmt"/>
      <line num="38" count="2" type="stmt"/>
      <line num="42" count="1" type="stmt"/>
      <line num="43" count="3" type="stmt"/>
      <line num="45" count="3" type="stmt"/>
      <line num="46" count="2" type="stmt"/>
      <line num="47" count="2" type="stmt"/>
      <line num="49" count="3" type="stmt"/>
      <line num="54" count="1" type="stmt"/>
      <line num="55" count="0" type="stmt"/>
      <line num="56" count="0" type="stmt"/>
      <line num="57" count="0" type="stmt"/>
      <line num="58" count="0" type="stmt"/>
      <line num="59" count="0" type="stmt"/>
      <line num="60" count="0" type="stmt"/>
      <line num="61" count="0" type="stmt"/>
      <line num="62" count="0" type="stmt"/>
      <line num="63" count="0" type="stmt"/>
      <line num="64" count="0" type="stmt"/>
      <line num="70" count="1" type="stmt"/>
    </file>
  </project>
</coverage>
