{"/Users/victoriachin/Projects/cornAppAddingFirebase/new corn app/ClientApp/src/components/AddingClassFunctionality.js": {"path":"/Users/victoriachin/Projects/cornAppAddingFirebase/new corn app/ClientApp/src/components/AddingClassFunctionality.js","statementMap":{"0":{"start":{"line":2,"column":22},"end":{"line":2,"column":27}},"1":{"start":{"line":3,"column":22},"end":{"line":3,"column":27}},"2":{"start":{"line":5,"column":26},"end":{"line":8,"column":1}},"3":{"start":{"line":7,"column":4},"end":{"line":7,"column":102}},"4":{"start":{"line":10,"column":0},"end":{"line":10,"column":38}}},"fnMap":{"0":{"name":"(anonymous_0)","decl":{"start":{"line":5,"column":26},"end":{"line":5,"column":27}},"loc":{"start":{"line":5,"column":32},"end":{"line":8,"column":1}},"line":5}},"branchMap":{},"s":{"0":1,"1":1,"2":1,"3":4,"4":1},"f":{"0":4},"b":{},"_coverageSchema":"1a1c01bbd47fc00a2c39e90264f33305004495a9","hash":"962051e7edd99463d3ed1e312b56fa948a8e7328"}
,"/Users/victoriachin/Projects/cornAppAddingFirebase/new corn app/ClientApp/src/components/EndOfSessionFunctions.js": {"path":"/Users/victoriachin/Projects/cornAppAddingFirebase/new corn app/ClientApp/src/components/EndOfSessionFunctions.js","statementMap":{"0":{"start":{"line":2,"column":23},"end":{"line":17,"column":1}},"1":{"start":{"line":3,"column":30},"end":{"line":3,"column":31}},"2":{"start":{"line":4,"column":25},"end":{"line":4,"column":53}},"3":{"start":{"line":6,"column":4},"end":{"line":15,"column":5}},"4":{"start":{"line":6,"column":17},"end":{"line":6,"column":18}},"5":{"start":{"line":10,"column":8},"end":{"line":14,"column":9}},"6":{"start":{"line":11,"column":12},"end":{"line":13,"column":13}},"7":{"start":{"line":12,"column":16},"end":{"line":12,"column":41}},"8":{"start":{"line":16,"column":4},"end":{"line":16,"column":31}},"9":{"start":{"line":20,"column":51},"end":{"line":39,"column":1}},"10":{"start":{"line":22,"column":4},"end":{"line":37,"column":5}},"11":{"start":{"line":23,"column":21},"end":{"line":23,"column":23}},"12":{"start":{"line":26,"column":8},"end":{"line":34,"column":9}},"13":{"start":{"line":26,"column":21},"end":{"line":26,"column":22}},"14":{"start":{"line":28,"column":24},"end":{"line":28,"column":62}},"15":{"start":{"line":30,"column":12},"end":{"line":32,"column":13}},"16":{"start":{"line":30,"column":25},"end":{"line":30,"column":26}},"17":{"start":{"line":31,"column":16},"end":{"line":31,"column":49}},"18":{"start":{"line":33,"column":12},"end":{"line":33,"column":27}},"19":{"start":{"line":36,"column":8},"end":{"line":36,"column":20}},"20":{"start":{"line":38,"column":4},"end":{"line":38,"column":14}},"21":{"start":{"line":42,"column":39},"end":{"line":51,"column":1}},"22":{"start":{"line":43,"column":20},"end":{"line":43,"column":53}},"23":{"start":{"line":45,"column":4},"end":{"line":48,"column":5}},"24":{"start":{"line":45,"column":17},"end":{"line":45,"column":18}},"25":{"start":{"line":46,"column":31},"end":{"line":46,"column":46}},"26":{"start":{"line":47,"column":8},"end":{"line":47,"column":37}},"27":{"start":{"line":49,"column":4},"end":{"line":49,"column":19}},"28":{"start":{"line":54,"column":17},"end":{"line":65,"column":1}},"29":{"start":{"line":55,"column":17},"end":{"line":55,"column":55}},"30":{"start":{"line":56,"column":16},"end":{"line":56,"column":48}},"31":{"start":{"line":57,"column":14},"end":{"line":57,"column":41}},"32":{"start":{"line":58,"column":4},"end":{"line":58,"column":32}},"33":{"start":{"line":59,"column":4},"end":{"line":59,"column":50}},"34":{"start":{"line":60,"column":4},"end":{"line":60,"column":40}},"35":{"start":{"line":61,"column":4},"end":{"line":61,"column":45}},"36":{"start":{"line":62,"column":4},"end":{"line":62,"column":33}},"37":{"start":{"line":63,"column":4},"end":{"line":63,"column":14}},"38":{"start":{"line":64,"column":4},"end":{"line":64,"column":33}},"39":{"start":{"line":70,"column":0},"end":{"line":70,"column":121}}},"fnMap":{"0":{"name":"(anonymous_0)","decl":{"start":{"line":2,"column":23},"end":{"line":2,"column":24}},"loc":{"start":{"line":2,"column":68},"end":{"line":17,"column":1}},"line":2},"1":{"name":"(anonymous_1)","decl":{"start":{"line":20,"column":51},"end":{"line":20,"column":52}},"loc":{"start":{"line":20,"column":105},"end":{"line":39,"column":1}},"line":20},"2":{"name":"(anonymous_2)","decl":{"start":{"line":42,"column":39},"end":{"line":42,"column":40}},"loc":{"start":{"line":42,"column":66},"end":{"line":51,"column":1}},"line":42},"3":{"name":"(anonymous_3)","decl":{"start":{"line":54,"column":17},"end":{"line":54,"column":18}},"loc":{"start":{"line":54,"column":37},"end":{"line":65,"column":1}},"line":54}},"branchMap":{"0":{"loc":{"start":{"line":10,"column":8},"end":{"line":14,"column":9}},"type":"if","locations":[{"start":{"line":10,"column":8},"end":{"line":14,"column":9}},{"start":{},"end":{}}],"line":10},"1":{"loc":{"start":{"line":11,"column":12},"end":{"line":13,"column":13}},"type":"if","locations":[{"start":{"line":11,"column":12},"end":{"line":13,"column":13}},{"start":{},"end":{}}],"line":11},"2":{"loc":{"start":{"line":22,"column":4},"end":{"line":37,"column":5}},"type":"if","locations":[{"start":{"line":22,"column":4},"end":{"line":37,"column":5}},{"start":{},"end":{}}],"line":22},"3":{"loc":{"start":{"line":22,"column":8},"end":{"line":22,"column":113}},"type":"binary-expr","locations":[{"start":{"line":22,"column":9},"end":{"line":22,"column":59}},{"start":{"line":22,"column":65},"end":{"line":22,"column":112}}],"line":22}},"s":{"0":1,"1":6,"2":6,"3":6,"4":6,"5":20,"6":15,"7":7,"8":6,"9":1,"10":5,"11":3,"12":3,"13":3,"14":9,"15":9,"16":9,"17":27,"18":9,"19":3,"20":2,"21":1,"22":3,"23":3,"24":3,"25":2,"26":2,"27":3,"28":1,"29":0,"30":0,"31":0,"32":0,"33":0,"34":0,"35":0,"36":0,"37":0,"38":0,"39":1},"f":{"0":6,"1":5,"2":3,"3":0},"b":{"0":[15,5],"1":[7,8],"2":[3,2],"3":[5,4]},"_coverageSchema":"1a1c01bbd47fc00a2c39e90264f33305004495a9","hash":"7ea5208703ae71ced247f3537fc6e125e4ef2518"}
}
