TN:
SF:src/components/AddingClassFunctionality.js
FN:5,(anonymous_0)
FNF:1
FNH:1
FNDA:4,(anonymous_0)
DA:2,1
DA:3,1
DA:5,1
DA:7,4
DA:10,1
LF:5
LH:5
BRF:0
BRH:0
end_of_record
TN:
SF:src/components/EndOfSessionFunctions.js
FN:2,(anonymous_0)
FN:20,(anonymous_1)
FN:42,(anonymous_2)
FN:54,(anonymous_3)
FNF:4
FNH:3
FNDA:6,(anonymous_0)
FNDA:5,(anonymous_1)
FNDA:3,(anonymous_2)
FNDA:0,(anonymous_3)
DA:2,1
DA:3,6
DA:4,6
DA:6,6
DA:10,20
DA:11,15
DA:12,7
DA:16,6
DA:20,1
DA:22,5
DA:23,3
DA:26,3
DA:28,9
DA:30,9
DA:31,27
DA:33,9
DA:36,3
DA:38,2
DA:42,1
DA:43,3
DA:45,3
DA:46,2
DA:47,2
DA:49,3
DA:54,1
DA:55,0
DA:56,0
DA:57,0
DA:58,0
DA:59,0
DA:60,0
DA:61,0
DA:62,0
DA:63,0
DA:64,0
DA:70,1
LF:36
LH:26
BRDA:10,0,0,15
BRDA:10,0,1,5
BRDA:11,1,0,7
BRDA:11,1,1,8
BRDA:22,2,0,3
BRDA:22,2,1,2
BRDA:22,3,0,5
BRDA:22,3,1,4
BRF:8
BRH:8
end_of_record
